{"D:\\UBA IMS\\server\\routes.ts": {"path":"D:\\UBA IMS\\server\\routes.ts","statementMap":{"0":{"start":{"line":1,"column":0},"end":{"line":1,"column":51}},"1":{"start":{"line":2,"column":0},"end":{"line":2,"column":null}},"2":{"start":{"line":10,"column":15},"end":{"line":10,"column":31}},"3":{"start":{"line":13,"column":0},"end":{"line":15,"column":3}},"4":{"start":{"line":14,"column":4},"end":{"line":14,"column":25}},"5":{"start":{"line":16,"column":0},"end":{"line":16,"column":34}},"6":{"start":{"line":17,"column":0},"end":{"line":17,"column":34}},"7":{"start":{"line":18,"column":0},"end":{"line":18,"column":43}},"8":{"start":{"line":19,"column":0},"end":{"line":19,"column":33}},"9":{"start":{"line":22,"column":0},"end":{"line":22,"column":22}}},"fnMap":{"0":{"name":"(anonymous_1)","decl":{"start":{"line":13,"column":16},"end":{"line":13,"column":17}},"loc":{"start":{"line":13,"column":47},"end":{"line":15,"column":1}}}},"branchMap":{},"s":{"0":1,"1":1,"2":1,"3":1,"4":0,"5":1,"6":1,"7":1,"8":1,"9":1},"f":{"0":0},"b":{}}
,"D:\\UBA IMS\\server\\server.ts": {"path":"D:\\UBA IMS\\server\\server.ts","statementMap":{"0":{"start":{"line":1,"column":0},"end":{"line":1,"column":30}},"1":{"start":{"line":2,"column":0},"end":{"line":2,"column":34}},"2":{"start":{"line":4,"column":12},"end":{"line":4,"column":21}},"3":{"start":{"line":6,"column":0},"end":{"line":6,"column":24}},"4":{"start":{"line":7,"column":0},"end":{"line":7,"column":25}},"5":{"start":{"line":10,"column":0},"end":{"line":10,"column":19}}},"fnMap":{},"branchMap":{},"s":{"0":1,"1":1,"2":1,"3":1,"4":1,"5":1},"f":{},"b":{}}
,"D:\\UBA IMS\\server\\controllers\\userControllers.ts": {"path":"D:\\UBA IMS\\server\\controllers\\userControllers.ts","statementMap":{"0":{"start":{"line":2,"column":0},"end":{"line":2,"column":56}},"1":{"start":{"line":4,"column":26},"end":{"line":33,"column":1}},"2":{"start":{"line":5,"column":27},"end":{"line":5,"column":35}},"3":{"start":{"line":8,"column":2},"end":{"line":11,"column":3}},"4":{"start":{"line":9,"column":4},"end":{"line":9,"column":60}},"5":{"start":{"line":10,"column":4},"end":{"line":10,"column":11}},"6":{"start":{"line":15,"column":2},"end":{"line":18,"column":3}},"7":{"start":{"line":16,"column":4},"end":{"line":16,"column":60}},"8":{"start":{"line":17,"column":4},"end":{"line":17,"column":11}},"9":{"start":{"line":21,"column":16},"end":{"line":21,"column":26}},"10":{"start":{"line":23,"column":24},"end":{"line":24,"column":null}},"11":{"start":{"line":24,"column":14},"end":{"line":24,"column":58}},"12":{"start":{"line":26,"column":2},"end":{"line":29,"column":3}},"13":{"start":{"line":27,"column":4},"end":{"line":27,"column":80}},"14":{"start":{"line":28,"column":4},"end":{"line":28,"column":11}},"15":{"start":{"line":30,"column":2},"end":{"line":30,"column":31}},"16":{"start":{"line":31,"column":2},"end":{"line":31,"column":19}},"17":{"start":{"line":32,"column":2},"end":{"line":32,"column":71}},"18":{"start":{"line":4,"column":13},"end":{"line":4,"column":26}},"19":{"start":{"line":35,"column":27},"end":{"line":38,"column":1}},"20":{"start":{"line":36,"column":16},"end":{"line":36,"column":26}},"21":{"start":{"line":37,"column":2},"end":{"line":37,"column":30}},"22":{"start":{"line":35,"column":13},"end":{"line":35,"column":27}},"23":{"start":{"line":40,"column":26},"end":{"line":45,"column":1}},"24":{"start":{"line":41,"column":20},"end":{"line":41,"column":30}},"25":{"start":{"line":42,"column":16},"end":{"line":42,"column":65}},"26":{"start":{"line":42,"column":44},"end":{"line":42,"column":64}},"27":{"start":{"line":43,"column":2},"end":{"line":43,"column":19}},"28":{"start":{"line":44,"column":2},"end":{"line":44,"column":81}},"29":{"start":{"line":40,"column":13},"end":{"line":40,"column":26}},"30":{"start":{"line":111,"column":26},"end":{"line":147,"column":1}},"31":{"start":{"line":112,"column":43},"end":{"line":112,"column":51}},"32":{"start":{"line":113,"column":16},"end":{"line":113,"column":26}},"33":{"start":{"line":127,"column":26},"end":{"line":127,"column":41}},"34":{"start":{"line":128,"column":26},"end":{"line":128,"column":41}},"35":{"start":{"line":129,"column":26},"end":{"line":129,"column":41}},"36":{"start":{"line":132,"column":15},"end":{"line":133,"column":null}},"37":{"start":{"line":133,"column":14},"end":{"line":133,"column":105}},"38":{"start":{"line":136,"column":2},"end":{"line":139,"column":3}},"39":{"start":{"line":137,"column":4},"end":{"line":137,"column":84}},"40":{"start":{"line":138,"column":4},"end":{"line":138,"column":11}},"41":{"start":{"line":142,"column":2},"end":{"line":142,"column":31}},"42":{"start":{"line":143,"column":2},"end":{"line":143,"column":31}},"43":{"start":{"line":144,"column":2},"end":{"line":144,"column":19}},"44":{"start":{"line":146,"column":2},"end":{"line":146,"column":108}},"45":{"start":{"line":111,"column":13},"end":{"line":111,"column":26}}},"fnMap":{"0":{"name":"(anonymous_0)","decl":{"start":{"line":4,"column":26},"end":{"line":4,"column":27}},"loc":{"start":{"line":4,"column":58},"end":{"line":33,"column":1}}},"1":{"name":"(anonymous_1)","decl":{"start":{"line":24,"column":4},"end":{"line":24,"column":5}},"loc":{"start":{"line":24,"column":14},"end":{"line":24,"column":58}}},"2":{"name":"(anonymous_2)","decl":{"start":{"line":35,"column":27},"end":{"line":35,"column":28}},"loc":{"start":{"line":35,"column":60},"end":{"line":38,"column":1}}},"3":{"name":"(anonymous_3)","decl":{"start":{"line":40,"column":26},"end":{"line":40,"column":27}},"loc":{"start":{"line":40,"column":58},"end":{"line":45,"column":1}}},"4":{"name":"(anonymous_4)","decl":{"start":{"line":42,"column":34},"end":{"line":42,"column":35}},"loc":{"start":{"line":42,"column":44},"end":{"line":42,"column":64}}},"5":{"name":"(anonymous_5)","decl":{"start":{"line":111,"column":26},"end":{"line":111,"column":27}},"loc":{"start":{"line":111,"column":64},"end":{"line":147,"column":1}}},"6":{"name":"(anonymous_6)","decl":{"start":{"line":133,"column":4},"end":{"line":133,"column":5}},"loc":{"start":{"line":133,"column":14},"end":{"line":133,"column":105}}}},"branchMap":{"0":{"loc":{"start":{"line":8,"column":2},"end":{"line":11,"column":3}},"type":"if","locations":[{"start":{"line":8,"column":2},"end":{"line":11,"column":3}}]},"1":{"loc":{"start":{"line":8,"column":6},"end":{"line":8,"column":22}},"type":"binary-expr","locations":[{"start":{"line":8,"column":6},"end":{"line":8,"column":12}},{"start":{"line":8,"column":16},"end":{"line":8,"column":22}}]},"2":{"loc":{"start":{"line":15,"column":2},"end":{"line":18,"column":3}},"type":"if","locations":[{"start":{"line":15,"column":2},"end":{"line":18,"column":3}}]},"3":{"loc":{"start":{"line":15,"column":6},"end":{"line":15,"column":60}},"type":"binary-expr","locations":[{"start":{"line":15,"column":6},"end":{"line":15,"column":31}},{"start":{"line":15,"column":35},"end":{"line":15,"column":60}}]},"4":{"loc":{"start":{"line":24,"column":14},"end":{"line":24,"column":58}},"type":"binary-expr","locations":[{"start":{"line":24,"column":14},"end":{"line":24,"column":34}},{"start":{"line":24,"column":38},"end":{"line":24,"column":58}}]},"5":{"loc":{"start":{"line":26,"column":2},"end":{"line":29,"column":3}},"type":"if","locations":[{"start":{"line":26,"column":2},"end":{"line":29,"column":3}}]},"6":{"loc":{"start":{"line":136,"column":2},"end":{"line":139,"column":3}},"type":"if","locations":[{"start":{"line":136,"column":2},"end":{"line":139,"column":3}}]}},"s":{"0":1,"1":1,"2":4,"3":4,"4":1,"5":1,"6":3,"7":1,"8":1,"9":2,"10":2,"11":1,"12":2,"13":1,"14":1,"15":1,"16":1,"17":1,"18":1,"19":1,"20":1,"21":1,"22":1,"23":1,"24":1,"25":1,"26":1,"27":1,"28":1,"29":1,"30":1,"31":2,"32":2,"33":2,"34":2,"35":2,"36":2,"37":2,"38":2,"39":1,"40":1,"41":1,"42":1,"43":1,"44":1,"45":1},"f":{"0":4,"1":1,"2":1,"3":1,"4":1,"5":2,"6":2},"b":{"0":[1],"1":[4,3],"2":[1],"3":[3,3],"4":[1,1],"5":[1],"6":[1]}}
,"D:\\UBA IMS\\server\\helpers\\helper.ts": {"path":"D:\\UBA IMS\\server\\helpers\\helper.ts","statementMap":{"0":{"start":{"line":1,"column":0},"end":{"line":1,"column":25}},"1":{"start":{"line":2,"column":0},"end":{"line":2,"column":29}},"2":{"start":{"line":5,"column":18},"end":{"line":5,"column":58}},"3":{"start":{"line":16,"column":24},"end":{"line":31,"column":1}},"4":{"start":{"line":17,"column":2},"end":{"line":30,"column":3}},"5":{"start":{"line":18,"column":17},"end":{"line":18,"column":52}},"6":{"start":{"line":21,"column":4},"end":{"line":24,"column":5}},"7":{"start":{"line":22,"column":6},"end":{"line":22,"column":47}},"8":{"start":{"line":23,"column":6},"end":{"line":23,"column":16}},"9":{"start":{"line":26,"column":4},"end":{"line":26,"column":38}},"10":{"start":{"line":28,"column":4},"end":{"line":28,"column":73}},"11":{"start":{"line":29,"column":4},"end":{"line":29,"column":14}},"12":{"start":{"line":16,"column":13},"end":{"line":16,"column":24}},"13":{"start":{"line":35,"column":25},"end":{"line":37,"column":3}},"14":{"start":{"line":36,"column":4},"end":{"line":36,"column":64}},"15":{"start":{"line":35,"column":13},"end":{"line":35,"column":25}}},"fnMap":{"0":{"name":"(anonymous_9)","decl":{"start":{"line":16,"column":24},"end":{"line":16,"column":35}},"loc":{"start":{"line":16,"column":37},"end":{"line":31,"column":1}}},"1":{"name":"(anonymous_10)","decl":{"start":{"line":35,"column":25},"end":{"line":35,"column":26}},"loc":{"start":{"line":35,"column":49},"end":{"line":37,"column":3}}}},"branchMap":{"0":{"loc":{"start":{"line":21,"column":4},"end":{"line":24,"column":5}},"type":"if","locations":[{"start":{"line":21,"column":4},"end":{"line":24,"column":5}}]}},"s":{"0":1,"1":1,"2":1,"3":1,"4":9,"5":9,"6":9,"7":0,"8":0,"9":9,"10":0,"11":0,"12":1,"13":1,"14":5,"15":1},"f":{"0":9,"1":5},"b":{"0":[0]}}
}
