TN:
SF:server\routes.ts
FN:13,(anonymous_1)
FNF:1
FNH:0
FNDA:0,(anonymous_1)
DA:1,1
DA:2,1
DA:10,1
DA:13,1
DA:14,0
DA:16,1
DA:17,1
DA:18,1
DA:19,1
DA:22,1
LF:10
LH:9
BRF:0
BRH:0
end_of_record
TN:
SF:server\server.ts
FNF:0
FNH:0
DA:1,1
DA:2,1
DA:4,1
DA:6,1
DA:7,1
DA:10,1
LF:6
LH:6
BRF:0
BRH:0
end_of_record
TN:
SF:server\controllers\userControllers.ts
FN:4,(anonymous_0)
FN:24,(anonymous_1)
FN:35,(anonymous_2)
FN:40,(anonymous_3)
FN:42,(anonymous_4)
FN:111,(anonymous_5)
FN:133,(anonymous_6)
FNF:7
FNH:7
FNDA:4,(anonymous_0)
FNDA:1,(anonymous_1)
FNDA:1,(anonymous_2)
FNDA:1,(anonymous_3)
FNDA:1,(anonymous_4)
FNDA:2,(anonymous_5)
FNDA:2,(anonymous_6)
DA:2,1
DA:4,1
DA:5,4
DA:8,4
DA:9,1
DA:10,1
DA:15,3
DA:16,1
DA:17,1
DA:21,2
DA:23,2
DA:24,1
DA:26,2
DA:27,1
DA:28,1
DA:30,1
DA:31,1
DA:32,1
DA:35,1
DA:36,1
DA:37,1
DA:40,1
DA:41,1
DA:42,1
DA:43,1
DA:44,1
DA:111,1
DA:112,2
DA:113,2
DA:127,2
DA:128,2
DA:129,2
DA:132,2
DA:133,2
DA:136,2
DA:137,1
DA:138,1
DA:142,1
DA:143,1
DA:144,1
DA:146,1
LF:41
LH:41
BRDA:8,0,0,1
BRDA:8,1,0,4
BRDA:8,1,1,3
BRDA:15,2,0,1
BRDA:15,3,0,3
BRDA:15,3,1,3
BRDA:24,4,0,1
BRDA:24,4,1,1
BRDA:26,5,0,1
BRDA:136,6,0,1
BRF:10
BRH:10
end_of_record
TN:
SF:server\helpers\helper.ts
FN:16,(anonymous_9)
FN:35,(anonymous_10)
FNF:2
FNH:2
FNDA:11,(anonymous_9)
FNDA:5,(anonymous_10)
DA:1,1
DA:2,1
DA:5,1
DA:16,1
DA:17,11
DA:18,11
DA:21,11
DA:22,0
DA:23,0
DA:26,11
DA:28,0
DA:29,0
DA:35,1
DA:36,5
DA:37,5
DA:39,2
DA:40,2
DA:42,3
DA:44,0
LF:19
LH:14
BRDA:21,0,0,0
BRDA:37,1,0,2
BRF:2
BRH:1
end_of_record
