TN:
SF:server\routes.ts
FN:13,(anonymous_1)
FNF:1
FNH:0
FNDA:0,(anonymous_1)
DA:1,1
DA:2,1
DA:10,1
DA:13,1
DA:14,0
DA:16,1
DA:17,1
DA:18,1
DA:19,1
DA:22,1
LF:10
LH:9
BRF:0
BRH:0
end_of_record
TN:
SF:server\server.ts
FNF:0
FNH:0
DA:1,1
DA:2,1
DA:4,1
DA:6,1
DA:7,1
DA:10,1
LF:6
LH:6
BRF:0
BRH:0
end_of_record
TN:
SF:server\controllers\userControllers.ts
FN:4,(anonymous_0)
FN:12,(anonymous_1)
FN:17,(anonymous_2)
FN:19,(anonymous_3)
FN:24,(anonymous_4)
FN:28,(anonymous_5)
FNF:6
FNH:6
FNDA:1,(anonymous_0)
FNDA:1,(anonymous_1)
FNDA:1,(anonymous_2)
FNDA:16,(anonymous_3)
FNDA:1,(anonymous_4)
FNDA:16,(anonymous_5)
DA:2,1
DA:4,1
DA:5,1
DA:6,1
DA:7,1
DA:8,1
DA:9,1
DA:12,1
DA:13,1
DA:14,1
DA:17,1
DA:18,1
DA:19,16
DA:20,1
DA:21,1
DA:24,1
DA:25,1
DA:26,1
DA:27,1
DA:28,16
DA:31,1
DA:32,1
DA:33,1
DA:34,1
DA:35,1
DA:37,0
LF:26
LH:25
BRDA:31,0,0,1
BRDA:31,0,1,0
BRF:2
BRH:1
end_of_record
TN:
SF:server\helpers\helper.ts
FN:16,(anonymous_9)
FN:35,(anonymous_10)
FNF:2
FNH:2
FNDA:6,(anonymous_9)
FNDA:4,(anonymous_10)
DA:1,1
DA:2,1
DA:5,1
DA:16,1
DA:17,6
DA:18,6
DA:21,6
DA:22,0
DA:23,0
DA:26,6
DA:28,0
DA:29,0
DA:35,1
DA:36,4
LF:14
LH:10
BRDA:21,0,0,0
BRF:1
BRH:0
end_of_record
